・テーマ
0142 2024/04/06(土) 11:01:48.41
お題【積み木、バランス】

・初回提出(first Folder)

0153名前は開発中のものです。垢版
2024/04/10(水) 13:50:13.74ID:sSXoToK+
【お題】積み木、バランス
【タイトル】BLOCKDROP
【URL】https://68.gigafile.nu/0719-daf39618e6429ac4fbc4220f1532fe7da
【製作時間】3日
【開発環境】javascript/VisualStudioCode
【備考】
・音は出ません。
・ブロックを落としたり消したりゲーム
・移動：マウス、弾発射：左ボタン、発射方向変更：マウスホイール
・画面内のブロックをすべて消せばステージクリア
・弾と落下中のブロックに当たるとダメージでエネルギー減
（動いてないブロックは無害）
・エネルギーがなくなるとゲームオーバー
・HTMLファイル単体で動作するように作ってみました（リソースの埋め込み）
　ページをローカルに保存で実行できます。

【コメント(感想)】
お題が出てたので、便乗させていただきます。
積み木ということなのでブロックを落としたりするゲームにしました


・修正1回目(2nd Folder)

0159名前は開発中のものです。垢版
2024/04/10(水) 23:40:57.71ID:sSXoToK+
153です。
プレイありがとうございます。確かに指摘通りホイールでの操作はいまいちなので、
ゲームパッド対応と攻撃方向の変更をキーボードのA-Dキーで出来る
アップデート版作成しました。

https://45.gigafile.nu/0415-b9028e3437b696c006ece954179aababf

ゲームパッド操作は
LB,RBトリガで攻撃方向変更　左アナログスティックで移動
XINPUTではX,Aボタン(PSコントローラだと□×)で弾発射です

次回テーマは誰かにおまかせします。


・修正2回目(3rd Folder)

0167名前は開発中のものです。垢版
2024/04/12(金) 16:40:32.59ID:CORvv51O
153です。
ゲームパッドで状態情報が取れたボタンのみ参照するように修正しました。
これでどうでしょうか
https://52.gigafile.nu/0417-d20ff6c0d951c65793eab9271c86bd688
キーボードのPを押してる間はGamePadの状態を表示できるようにしています。

キーアサイン替えたい場合は、メモ帖とかで開いてもらって、
67行目のpの配列の並びを変えれば対応するボタンが変わります。(判りにくいですが)

2024/07/19まで
https://68.gigafile.nu/0719-daf39618e6429ac4fbc4220f1532fe7da
delete pass:?

2024/04/15まで
https://45.gigafile.nu/0415-b9028e3437b696c006ece954179aababf
delete pass:f463

2024/04/17まで
https://52.gigafile.nu/0417-d20ff6c0d951c65793eab9271c86bd688
delete pass:7cda

